<?xml version="1.0" encoding="UTF-8"?>
<!-- Generated by org.testng.reporters.JUnitXMLReporter -->
<testsuite ignored="0" hostname="2022NUTLTWS169" failures="1" tests="1" name="Default test" time="220.974" errors="0" timestamp="05 Feb 2024 03:48:02 GMT">
  <testcase classname="runner.TestNgRunner" name="runFeature" time="220.768">
    <failure type="java.lang.RuntimeException" message="FAILED">
      <![CDATA[java.lang.RuntimeException: FAILED
at utils.Reporter.reportStep(Reporter.java:47)
at stepDefinitions.HomePage_StepDefinitions.theUserIsMovedToReviewOrderPageAndPlacesOrder(HomePage_StepDefinitions.java:134)
at âœ½.the user is moved to review order page and places order(file:src/main/resources/features/smokesuit-USDesktop.feature:31)
]]>
    </failure>
  </testcase> <!-- runFeature -->
</testsuite> <!-- Default test -->
