<?xml version="1.0" encoding="UTF-8"?>
<testng-results ignored="0" total="1" passed="0" failed="1" skipped="0">
  <reporter-output>
  </reporter-output>
  <suite started-at="2024-02-05T03:44:21Z" name="Default suite" finished-at="2024-02-05T03:48:02Z" duration-ms="220974">
    <groups>
    </groups>
    <test started-at="2024-02-05T03:44:21Z" name="Default test" finished-at="2024-02-05T03:48:02Z" duration-ms="220974">
      <class name="runner.TestNgRunner">
        <test-method is-config="true" signature="beforeSuite()[pri:0, instance:runner.TestNgRunner@73194df]" started-at="2024-02-05T03:44:21Z" name="beforeSuite" finished-at="2024-02-05T03:44:21Z" duration-ms="164" status="PASS">
          <reporter-output>
          </reporter-output>
        </test-method> <!-- beforeSuite -->
        <test-method is-config="true" signature="beforeTest()[pri:0, instance:runner.TestNgRunner@73194df]" started-at="2024-02-05T03:44:21Z" name="beforeTest" finished-at="2024-02-05T03:44:21Z" duration-ms="1" status="PASS">
          <reporter-output>
          </reporter-output>
        </test-method> <!-- beforeTest -->
        <test-method is-config="true" signature="setUpClass(org.testng.ITestContext)[pri:0, instance:runner.TestNgRunner@73194df]" started-at="2024-02-05T03:44:21Z" name="setUpClass" finished-at="2024-02-05T03:44:21Z" duration-ms="124" status="PASS">
          <params>
            <param index="0">
              <value>
                <![CDATA[org.testng.TestRunner@6df7988f]]>
              </value>
            </param>
          </params>
          <reporter-output>
          </reporter-output>
        </test-method> <!-- setUpClass -->
        <test-method signature="runFeature(cucumber.api.testng.PickleEventWrapper, cucumber.api.testng.CucumberFeatureWrapper)[pri:0, instance:runner.TestNgRunner@73194df]" started-at="2024-02-05T03:44:21Z" name="runFeature" data-provider="scenarios" finished-at="2024-02-05T03:48:02Z" duration-ms="220768" status="FAIL">
          <params>
            <param index="0">
              <value>
                <![CDATA["Verify the funcnality of checkout page and user bale to place order"]]>
              </value>
            </param>
            <param index="1">
              <value>
                <![CDATA["Sanity Test on any site"]]>
              </value>
            </param>
          </params>
          <exception class="java.lang.RuntimeException">
            <message>
              <![CDATA[FAILED]]>
            </message>
            <full-stacktrace>
              <![CDATA[java.lang.RuntimeException: FAILED
at utils.Reporter.reportStep(Reporter.java:47)
at stepDefinitions.HomePage_StepDefinitions.theUserIsMovedToReviewOrderPageAndPlacesOrder(HomePage_StepDefinitions.java:134)
at âœ½.the user is moved to review order page and places order(file:src/main/resources/features/smokesuit-USDesktop.feature:31)
]]>
            </full-stacktrace>
          </exception> <!-- java.lang.RuntimeException -->
          <reporter-output>
          </reporter-output>
        </test-method> <!-- runFeature -->
        <test-method is-config="true" signature="beforeMethod()[pri:0, instance:runner.TestNgRunner@73194df]" started-at="2024-02-05T03:44:21Z" name="beforeMethod" finished-at="2024-02-05T03:44:21Z" duration-ms="0" status="PASS">
          <reporter-output>
          </reporter-output>
        </test-method> <!-- beforeMethod -->
        <test-method is-config="true" signature="afterMethod()[pri:0, instance:runner.TestNgRunner@73194df]" started-at="2024-02-05T03:48:02Z" name="afterMethod" finished-at="2024-02-05T03:48:02Z" duration-ms="1" status="PASS">
          <reporter-output>
          </reporter-output>
        </test-method> <!-- afterMethod -->
        <test-method is-config="true" signature="tearDownClass()[pri:0, instance:runner.TestNgRunner@73194df]" started-at="2024-02-05T03:48:02Z" name="tearDownClass" finished-at="2024-02-05T03:48:02Z" duration-ms="23" status="PASS">
          <reporter-output>
          </reporter-output>
        </test-method> <!-- tearDownClass -->
        <test-method is-config="true" signature="afterTest()[pri:0, instance:runner.TestNgRunner@73194df]" started-at="2024-02-05T03:48:02Z" name="afterTest" finished-at="2024-02-05T03:48:02Z" duration-ms="0" status="PASS">
          <reporter-output>
          </reporter-output>
        </test-method> <!-- afterTest -->
        <test-method is-config="true" signature="afterSuite()[pri:0, instance:runner.TestNgRunner@73194df]" started-at="2024-02-05T03:48:02Z" name="afterSuite" finished-at="2024-02-05T03:48:02Z" duration-ms="203" status="PASS">
          <reporter-output>
          </reporter-output>
        </test-method> <!-- afterSuite -->
      </class> <!-- runner.TestNgRunner -->
    </test> <!-- Default test -->
  </suite> <!-- Default suite -->
</testng-results>
