<?xml version="1.0" encoding="UTF-8"?>
<!-- Generated by org.testng.reporters.JUnitReportReporter -->
<testsuite hostname="2022NUTLTWS169" failures="0" tests="1" name="runner.TestNgRunner" time="220.769" errors="1" timestamp="05 Feb 2024 03:48:02 GMT" skipped="0">
  <testcase classname="runner.TestNgRunner" name="runFeature" time="220.769">
    <error message="FAILED" type="java.lang.RuntimeException">
      <![CDATA[java.lang.RuntimeException: FAILED
at utils.Reporter.reportStep(Reporter.java:47)
at stepDefinitions.HomePage_StepDefinitions.theUserIsMovedToReviewOrderPageAndPlacesOrder(HomePage_StepDefinitions.java:134)
at âœ½.the user is moved to review order page and places order(file:src/main/resources/features/smokesuit-USDesktop.feature:31)
]]>
    </error>
  </testcase> <!-- runFeature -->
</testsuite> <!-- runner.TestNgRunner -->
